[INFO  - 2018-01-21T21:05:25.677Z] GhostDriver - Main - running on port 50410
[INFO  - 2018-01-21T21:05:25.924Z] Session [cd5d12f0-feee-11e7-9924-b369c87e3857] - page.settings - {"XSSAuditingEnabled":false,"javascriptCanCloseWindows":true,"javascriptCanOpenWindows":true,"javascriptEnabled":true,"loadImages":true,"localToRemoteUrlAccessEnabled":false,"userAgent":"Mozilla/5.0 (Macintosh; Intel Mac OS X) AppleWebKit/538.1 (KHTML, like Gecko) PhantomJS/2.1.1 Safari/538.1","webSecurityEnabled":true}
[INFO  - 2018-01-21T21:05:25.924Z] Session [cd5d12f0-feee-11e7-9924-b369c87e3857] - page.customHeaders:  - {}
[INFO  - 2018-01-21T21:05:25.924Z] Session [cd5d12f0-feee-11e7-9924-b369c87e3857] - Session.negotiatedCapabilities - {"browserName":"phantomjs","version":"2.1.1","driverName":"ghostdriver","driverVersion":"1.2.0","platform":"mac-unknown-64bit","javascriptEnabled":true,"takesScreenshot":true,"handlesAlerts":false,"databaseEnabled":false,"locationContextEnabled":false,"applicationCacheEnabled":false,"browserConnectionEnabled":false,"cssSelectorsEnabled":true,"webStorageEnabled":false,"rotatable":false,"acceptSslCerts":false,"nativeEvents":true,"proxy":{"proxyType":"direct"}}
[INFO  - 2018-01-21T21:05:25.924Z] SessionManagerReqHand - _postNewSessionCommand - New Session Created: cd5d12f0-feee-11e7-9924-b369c87e3857
[ERROR - 2018-01-21T21:05:27.738Z] Session [cd5d12f0-feee-11e7-9924-b369c87e3857] - page.onError - msg: TypeError: null is not an object (evaluating 'i[1]')

  phantomjs://platform/console++.js:263 in error
[ERROR - 2018-01-21T21:05:27.738Z] Session [cd5d12f0-feee-11e7-9924-b369c87e3857] - page.onError - stack:
  f (https://gateway.foresee.com/code/19.4.4/fs.utils.js:10)
  c (https://gateway.foresee.com/code/19.4.4/fs.utils.js:10)
  Browser (https://gateway.foresee.com/code/19.4.4/fs.utils.js:10)
  C (https://gateway.foresee.com/code/19.4.4/fs.trigger.js:8)
  (anonymous function) (https://gateway.foresee.com/sites/bls.gov/production/gateway.min.js:13)
  (anonymous function) (https://gateway.foresee.com/code/19.4.4/fs.trigger.js:8)
  execCb (https://gateway.foresee.com/sites/bls.gov/production/gateway.min.js:8)
  check (https://gateway.foresee.com/sites/bls.gov/production/gateway.min.js:8)
  enable (https://gateway.foresee.com/sites/bls.gov/production/gateway.min.js:8)
  init (https://gateway.foresee.com/sites/bls.gov/production/gateway.min.js:8)
  callGetModule (https://gateway.foresee.com/sites/bls.gov/production/gateway.min.js:8)
  completeLoad (https://gateway.foresee.com/sites/bls.gov/production/gateway.min.js:8)
  onScriptLoad (https://gateway.foresee.com/sites/bls.gov/production/gateway.min.js:8)

  phantomjs://platform/console++.js:263 in error
[INFO  - 2018-01-21T21:10:25.897Z] SessionManagerReqHand - _cleanupWindowlessSessions - Asynchronous Sessions clean-up phase starting NOW
[INFO  - 2018-01-21T21:16:04.086Z] SessionManagerReqHand - _cleanupWindowlessSessions - Asynchronous Sessions clean-up phase starting NOW
[INFO  - 2018-01-21T21:21:05.485Z] SessionManagerReqHand - _cleanupWindowlessSessions - Asynchronous Sessions clean-up phase starting NOW
[INFO  - 2018-01-21T21:26:05.496Z] SessionManagerReqHand - _cleanupWindowlessSessions - Asynchronous Sessions clean-up phase starting NOW
[INFO  - 2018-01-21T21:31:06.200Z] SessionManagerReqHand - _cleanupWindowlessSessions - Asynchronous Sessions clean-up phase starting NOW
[INFO  - 2018-01-21T21:36:36.376Z] SessionManagerReqHand - _cleanupWindowlessSessions - Asynchronous Sessions clean-up phase starting NOW
[INFO  - 2018-01-21T21:41:36.386Z] SessionManagerReqHand - _cleanupWindowlessSessions - Asynchronous Sessions clean-up phase starting NOW
[INFO  - 2018-01-22T04:35:05.702Z] SessionManagerReqHand - _cleanupWindowlessSessions - Asynchronous Sessions clean-up phase starting NOW
[INFO  - 2018-01-22T04:40:05.701Z] SessionManagerReqHand - _cleanupWindowlessSessions - Asynchronous Sessions clean-up phase starting NOW
[INFO  - 2018-01-22T04:45:05.711Z] SessionManagerReqHand - _cleanupWindowlessSessions - Asynchronous Sessions clean-up phase starting NOW
[INFO  - 2018-01-22T04:50:05.721Z] SessionManagerReqHand - _cleanupWindowlessSessions - Asynchronous Sessions clean-up phase starting NOW
[INFO  - 2018-01-22T04:55:05.730Z] SessionManagerReqHand - _cleanupWindowlessSessions - Asynchronous Sessions clean-up phase starting NOW
[INFO  - 2018-01-22T05:00:06.535Z] SessionManagerReqHand - _cleanupWindowlessSessions - Asynchronous Sessions clean-up phase starting NOW
[INFO  - 2018-01-22T05:05:06.545Z] SessionManagerReqHand - _cleanupWindowlessSessions - Asynchronous Sessions clean-up phase starting NOW
[INFO  - 2018-01-22T05:10:06.550Z] SessionManagerReqHand - _cleanupWindowlessSessions - Asynchronous Sessions clean-up phase starting NOW
[INFO  - 2018-01-22T05:15:06.554Z] SessionManagerReqHand - _cleanupWindowlessSessions - Asynchronous Sessions clean-up phase starting NOW
[INFO  - 2018-01-22T05:20:06.559Z] SessionManagerReqHand - _cleanupWindowlessSessions - Asynchronous Sessions clean-up phase starting NOW
[INFO  - 2018-01-22T05:25:06.560Z] SessionManagerReqHand - _cleanupWindowlessSessions - Asynchronous Sessions clean-up phase starting NOW
[INFO  - 2018-01-22T05:30:06.564Z] SessionManagerReqHand - _cleanupWindowlessSessions - Asynchronous Sessions clean-up phase starting NOW
[INFO  - 2018-01-22T05:35:06.570Z] SessionManagerReqHand - _cleanupWindowlessSessions - Asynchronous Sessions clean-up phase starting NOW
[INFO  - 2018-01-22T05:40:06.576Z] SessionManagerReqHand - _cleanupWindowlessSessions - Asynchronous Sessions clean-up phase starting NOW
[INFO  - 2018-01-22T05:45:06.578Z] SessionManagerReqHand - _cleanupWindowlessSessions - Asynchronous Sessions clean-up phase starting NOW
[INFO  - 2018-01-22T05:40:18.593Z] SessionManagerReqHand - _cleanupWindowlessSessions - Asynchronous Sessions clean-up phase starting NOW
[INFO  - 2018-01-22T05:45:18.598Z] SessionManagerReqHand - _cleanupWindowlessSessions - Asynchronous Sessions clean-up phase starting NOW
[INFO  - 2018-01-22T05:49:21.562Z] SessionManagerReqHand - _cleanupWindowlessSessions - Asynchronous Sessions clean-up phase starting NOW
[INFO  - 2018-01-22T05:48:52.041Z] SessionManagerReqHand - _cleanupWindowlessSessions - Asynchronous Sessions clean-up phase starting NOW
nous Sessions clean-up phase starting NOW
[INFO  - 2018-01-22T05:42:24.742Z] SessionManagerReqHand - _cleanupWindowlessSessions - Asynchronous Sessions clean-up phase starting NOW
[INFO  - 2018-01-22T05:47:24.754Z] SessionManagerReqHand - _cleanupWindowlessSessions - Asynchronous Sessions clean-up phase starting NOW
ManagerReqHand - _cleanupWindowlessSessions - Asynchronous Sessions clean-up phase starting NOW
[INFO  - 2018-01-22T05:40:07.584Z] SessionManagerReqHand - _cleanupWindowlessSessions - Asynchronous Sessions clean-up phase starting NOW
[INFO  - 2018-01-22T05:45:07.585Z] SessionManagerReqHand - _cleanupWindowlessSessions - Asynchronous Sessions clean-up phase starting NOW
[INFO  - 2018-01-22T05:49:21.562Z] SessionManagerReqHand - _cleanupWindowlessSessions - Asynchronous Sessions clean-up phase starting NOW
[INFO  - 2018-01-22T05:49:41.606Z] SessionManagerReqHand - _cleanupWindowlessSessions - Asynchronous Sessions clean-up phase starting NOW
